<?xml version="1.0" encoding="UTF-8"?>
<testng-results ignored="0" total="1" passed="1" failed="0" skipped="0">
  <reporter-output>
  </reporter-output>
  <suite started-at="2023-12-28T16:16:11 IST" name="Default suite" finished-at="2023-12-28T16:16:35 IST" duration-ms="23656">
    <groups>
    </groups>
    <test started-at="2023-12-28T16:16:11 IST" name="Default test" finished-at="2023-12-28T16:16:35 IST" duration-ms="23656">
      <class name="TestLayer.RegistrationTest">
        <test-method is-config="true" signature="setUp()[pri:0, instance:TestLayer.RegistrationTest@436813f3]" started-at="2023-12-28T16:16:11 IST" name="setUp" finished-at="2023-12-28T16:16:33 IST" duration-ms="21787" status="PASS">
          <reporter-output>
          </reporter-output>
        </test-method> <!-- setUp -->
        <test-method signature="validateRegistrationFunctionality()[pri:0, instance:TestLayer.RegistrationTest@436813f3]" started-at="2023-12-28T16:16:33 IST" name="validateRegistrationFunctionality" finished-at="2023-12-28T16:16:35 IST" duration-ms="1794" status="PASS">
          <reporter-output>
          </reporter-output>
        </test-method> <!-- validateRegistrationFunctionality -->
        <test-method is-config="true" signature="tearDwon()[pri:0, instance:TestLayer.RegistrationTest@436813f3]" started-at="2023-12-28T16:16:35 IST" name="tearDwon" finished-at="2023-12-28T16:16:35 IST" duration-ms="0" status="PASS">
          <reporter-output>
          </reporter-output>
        </test-method> <!-- tearDwon -->
      </class> <!-- TestLayer.RegistrationTest -->
    </test> <!-- Default test -->
  </suite> <!-- Default suite -->
</testng-results>
